2025-06-05 08:33:32,881 - INFO - ====== WebDriver manager ======
2025-06-05 08:33:39,651 - INFO - Get LATEST chromedriver version for google-chrome
2025-06-05 08:33:40,110 - INFO - Get LATEST chromedriver version for google-chrome
2025-06-05 08:33:40,619 - INFO - Get LATEST chromedriver version for google-chrome
2025-06-05 08:33:56,269 - INFO - WebDriver version 136.0.7103.113 selected
2025-06-05 08:33:56,277 - INFO - Modern chrome version https://storage.googleapis.com/chrome-for-testing-public/136.0.7103.113/win32/chromedriver-win32.zip
2025-06-05 08:33:56,277 - INFO - About to download new driver from https://storage.googleapis.com/chrome-for-testing-public/136.0.7103.113/win32/chromedriver-win32.zip
2025-06-05 08:33:56,547 - INFO - Driver downloading response is 200
2025-06-05 08:34:01,109 - INFO - Get LATEST chromedriver version for google-chrome
2025-06-05 08:34:01,740 - INFO - Driver has been saved in cache [C:\Users\User\.wdm\drivers\chromedriver\win64\136.0.7103.113]
2025-06-05 08:34:04,836 - INFO - Парсинг компаний за период: 2024-06-10 - 2024-07-10
2025-06-05 08:34:25,504 - INFO - ====== WebDriver manager ======
2025-06-05 08:34:28,168 - INFO - Get LATEST chromedriver version for google-chrome
2025-06-05 08:34:28,404 - INFO - Get LATEST chromedriver version for google-chrome
2025-06-05 08:34:28,595 - INFO - Driver [C:\Users\User\.wdm\drivers\chromedriver\win64\136.0.7103.113\chromedriver-win32/chromedriver.exe] found in cache
2025-06-05 08:34:30,488 - INFO - Парсинг компаний за период: 2024-06-10 - 2024-07-10
2025-06-05 08:34:36,088 - INFO - Применение фильтров: 2024-06-10 - 2024-07-10
2025-06-05 08:34:47,093 - ERROR - Ошибка при применении фильтров: Message: target frame detached
  (failed to check if window was closed: disconnected: Unable to receive message from renderer)
  (Session info: chrome=136.0.7103.116)
Stacktrace:
	GetHandleVerifier [0x010BFC03+61635]
	GetHandleVerifier [0x010BFC44+61700]
	(No symbol) [0x00EE044E]
	(No symbol) [0x00ED0E60]
	(No symbol) [0x00ECFFD1]
	(No symbol) [0x00EEDD1F]
	(No symbol) [0x00F53E8C]
	(No symbol) [0x00F6DF19]
	(No symbol) [0x00F4D096]
	(No symbol) [0x00F1C840]
	(No symbol) [0x00F1D6A4]
	GetHandleVerifier [0x01344523+2701795]
	GetHandleVerifier [0x0133FCA6+2683238]
	GetHandleVerifier [0x0135A9EE+2793134]
	GetHandleVerifier [0x010D68C5+155013]
	GetHandleVerifier [0x010DCFAD+181357]
	GetHandleVerifier [0x010C7458+92440]
	GetHandleVerifier [0x010C7600+92864]
	GetHandleVerifier [0x010B1FF0+5296]
	BaseThreadInitThunk [0x760DFCC9+25]
	RtlGetAppContainerNamedObjectPath [0x776B809E+286]
	RtlGetAppContainerNamedObjectPath [0x776B806E+238]

2025-06-05 08:34:47,094 - ERROR - Не удалось применить фильтры, пропускаем период
2025-06-05 08:34:47,094 - INFO - Парсинг компаний за период: 2024-07-10 - 2024-08-09
2025-06-05 08:34:47,228 - ERROR - Критическая ошибка: Message: invalid session id: session deleted as the browser has closed the connection
from disconnected: not connected to DevTools
  (Session info: chrome=136.0.7103.116)
Stacktrace:
	GetHandleVerifier [0x010BFC03+61635]
	GetHandleVerifier [0x010BFC44+61700]
	(No symbol) [0x00EE05D3]
	(No symbol) [0x00ECFE20]
	(No symbol) [0x00EEDD1F]
	(No symbol) [0x00F53E8C]
	(No symbol) [0x00F6DF19]
	(No symbol) [0x00F4D096]
	(No symbol) [0x00F1C840]
	(No symbol) [0x00F1D6A4]
	GetHandleVerifier [0x01344523+2701795]
	GetHandleVerifier [0x0133FCA6+2683238]
	GetHandleVerifier [0x0135A9EE+2793134]
	GetHandleVerifier [0x010D68C5+155013]
	GetHandleVerifier [0x010DCFAD+181357]
	GetHandleVerifier [0x010C7458+92440]
	GetHandleVerifier [0x010C7600+92864]
	GetHandleVerifier [0x010B1FF0+5296]
	BaseThreadInitThunk [0x760DFCC9+25]
	RtlGetAppContainerNamedObjectPath [0x776B809E+286]
	RtlGetAppContainerNamedObjectPath [0x776B806E+238]

2025-06-05 08:34:49,342 - INFO - Парсер завершил работу
2025-06-05 09:06:53,900 - INFO - ====== WebDriver manager ======
2025-06-05 09:06:56,442 - INFO - Get LATEST chromedriver version for google-chrome
2025-06-05 09:06:56,668 - INFO - Get LATEST chromedriver version for google-chrome
2025-06-05 09:06:56,859 - INFO - Driver [C:\Users\User\.wdm\drivers\chromedriver\win64\136.0.7103.113\chromedriver-win32/chromedriver.exe] found in cache
2025-06-05 09:06:59,111 - INFO - Парсинг компаний за период: 2024-06-10 - 2024-07-10
2025-06-05 09:07:03,596 - INFO - Применение фильтров: 2024-06-10 - 2024-07-10
2025-06-05 09:07:38,031 - ERROR - Ошибка при применении фильтров: Message: 
Stacktrace:
	GetHandleVerifier [0x0097FC03+61635]
	GetHandleVerifier [0x0097FC44+61700]
	(No symbol) [0x007A05D3]
	(No symbol) [0x007E899E]
	(No symbol) [0x007E8D3B]
	(No symbol) [0x00830E12]
	(No symbol) [0x0080D2E4]
	(No symbol) [0x0082E61B]
	(No symbol) [0x0080D096]
	(No symbol) [0x007DC840]
	(No symbol) [0x007DD6A4]
	GetHandleVerifier [0x00C04523+2701795]
	GetHandleVerifier [0x00BFFCA6+2683238]
	GetHandleVerifier [0x00C1A9EE+2793134]
	GetHandleVerifier [0x009968C5+155013]
	GetHandleVerifier [0x0099CFAD+181357]
	GetHandleVerifier [0x00987458+92440]
	GetHandleVerifier [0x00987600+92864]
	GetHandleVerifier [0x00971FF0+5296]
	BaseThreadInitThunk [0x760DFCC9+25]
	RtlGetAppContainerNamedObjectPath [0x776B809E+286]
	RtlGetAppContainerNamedObjectPath [0x776B806E+238]

2025-06-05 09:07:38,031 - ERROR - Не удалось применить фильтры, пропускаем период
2025-06-05 09:07:38,032 - INFO - Парсинг компаний за период: 2024-07-10 - 2024-08-09
2025-06-05 09:07:39,304 - INFO - Применение фильтров: 2024-07-10 - 2024-08-09
2025-06-05 09:07:40,557 - ERROR - Ошибка при применении фильтров: Message: element not interactable
  (Session info: chrome=136.0.7103.116)
Stacktrace:
	GetHandleVerifier [0x0097FC03+61635]
	GetHandleVerifier [0x0097FC44+61700]
	(No symbol) [0x007A044E]
	(No symbol) [0x007DFFE4]
	(No symbol) [0x0080D29C]
	(No symbol) [0x007DE034]
	(No symbol) [0x0080D514]
	(No symbol) [0x0082E61B]
	(No symbol) [0x0080D096]
	(No symbol) [0x007DC840]
	(No symbol) [0x007DD6A4]
	GetHandleVerifier [0x00C04523+2701795]
	GetHandleVerifier [0x00BFFCA6+2683238]
	GetHandleVerifier [0x00C1A9EE+2793134]
	GetHandleVerifier [0x009968C5+155013]
	GetHandleVerifier [0x0099CFAD+181357]
	GetHandleVerifier [0x00987458+92440]
	GetHandleVerifier [0x00987600+92864]
	GetHandleVerifier [0x00971FF0+5296]
	BaseThreadInitThunk [0x760DFCC9+25]
	RtlGetAppContainerNamedObjectPath [0x776B809E+286]
	RtlGetAppContainerNamedObjectPath [0x776B806E+238]

2025-06-05 09:07:40,558 - ERROR - Не удалось применить фильтры, пропускаем период
2025-06-05 09:07:40,558 - INFO - Парсинг компаний за период: 2024-08-09 - 2024-09-08
2025-06-05 09:07:41,404 - INFO - Применение фильтров: 2024-08-09 - 2024-09-08
2025-06-05 09:07:42,650 - ERROR - Ошибка при применении фильтров: Message: element not interactable
  (Session info: chrome=136.0.7103.116)
Stacktrace:
	GetHandleVerifier [0x0097FC03+61635]
	GetHandleVerifier [0x0097FC44+61700]
	(No symbol) [0x007A044E]
	(No symbol) [0x007DFFE4]
	(No symbol) [0x0080D29C]
	(No symbol) [0x007DE034]
	(No symbol) [0x0080D514]
	(No symbol) [0x0082E61B]
	(No symbol) [0x0080D096]
	(No symbol) [0x007DC840]
	(No symbol) [0x007DD6A4]
	GetHandleVerifier [0x00C04523+2701795]
	GetHandleVerifier [0x00BFFCA6+2683238]
	GetHandleVerifier [0x00C1A9EE+2793134]
	GetHandleVerifier [0x009968C5+155013]
	GetHandleVerifier [0x0099CFAD+181357]
	GetHandleVerifier [0x00987458+92440]
	GetHandleVerifier [0x00987600+92864]
	GetHandleVerifier [0x00971FF0+5296]
	BaseThreadInitThunk [0x760DFCC9+25]
	RtlGetAppContainerNamedObjectPath [0x776B809E+286]
	RtlGetAppContainerNamedObjectPath [0x776B806E+238]

2025-06-05 09:07:42,650 - ERROR - Не удалось применить фильтры, пропускаем период
2025-06-05 09:07:42,651 - INFO - Парсинг компаний за период: 2024-09-08 - 2024-10-08
2025-06-05 09:07:43,695 - INFO - Применение фильтров: 2024-09-08 - 2024-10-08
2025-06-05 09:07:44,984 - ERROR - Ошибка при применении фильтров: Message: element not interactable
  (Session info: chrome=136.0.7103.116)
Stacktrace:
	GetHandleVerifier [0x0097FC03+61635]
	GetHandleVerifier [0x0097FC44+61700]
	(No symbol) [0x007A044E]
	(No symbol) [0x007DFFE4]
	(No symbol) [0x0080D29C]
	(No symbol) [0x007DE034]
	(No symbol) [0x0080D514]
	(No symbol) [0x0082E61B]
	(No symbol) [0x0080D096]
	(No symbol) [0x007DC840]
	(No symbol) [0x007DD6A4]
	GetHandleVerifier [0x00C04523+2701795]
	GetHandleVerifier [0x00BFFCA6+2683238]
	GetHandleVerifier [0x00C1A9EE+2793134]
	GetHandleVerifier [0x009968C5+155013]
	GetHandleVerifier [0x0099CFAD+181357]
	GetHandleVerifier [0x00987458+92440]
	GetHandleVerifier [0x00987600+92864]
	GetHandleVerifier [0x00971FF0+5296]
	BaseThreadInitThunk [0x760DFCC9+25]
	RtlGetAppContainerNamedObjectPath [0x776B809E+286]
	RtlGetAppContainerNamedObjectPath [0x776B806E+238]

2025-06-05 09:07:44,985 - ERROR - Не удалось применить фильтры, пропускаем период
2025-06-05 09:07:44,985 - INFO - Парсинг компаний за период: 2024-10-08 - 2024-11-07
2025-06-05 09:07:45,932 - INFO - Применение фильтров: 2024-10-08 - 2024-11-07
2025-06-05 09:07:47,180 - ERROR - Ошибка при применении фильтров: Message: element not interactable
  (Session info: chrome=136.0.7103.116)
Stacktrace:
	GetHandleVerifier [0x0097FC03+61635]
	GetHandleVerifier [0x0097FC44+61700]
	(No symbol) [0x007A044E]
	(No symbol) [0x007DFFE4]
	(No symbol) [0x0080D29C]
	(No symbol) [0x007DE034]
	(No symbol) [0x0080D514]
	(No symbol) [0x0082E61B]
	(No symbol) [0x0080D096]
	(No symbol) [0x007DC840]
	(No symbol) [0x007DD6A4]
	GetHandleVerifier [0x00C04523+2701795]
	GetHandleVerifier [0x00BFFCA6+2683238]
	GetHandleVerifier [0x00C1A9EE+2793134]
	GetHandleVerifier [0x009968C5+155013]
	GetHandleVerifier [0x0099CFAD+181357]
	GetHandleVerifier [0x00987458+92440]
	GetHandleVerifier [0x00987600+92864]
	GetHandleVerifier [0x00971FF0+5296]
	BaseThreadInitThunk [0x760DFCC9+25]
	RtlGetAppContainerNamedObjectPath [0x776B809E+286]
	RtlGetAppContainerNamedObjectPath [0x776B806E+238]

2025-06-05 09:07:47,180 - ERROR - Не удалось применить фильтры, пропускаем период
2025-06-05 09:07:47,181 - INFO - Парсинг компаний за период: 2024-11-07 - 2024-12-07
2025-06-05 09:07:48,034 - INFO - Применение фильтров: 2024-11-07 - 2024-12-07
2025-06-05 09:07:49,265 - ERROR - Ошибка при применении фильтров: Message: element not interactable
  (Session info: chrome=136.0.7103.116)
Stacktrace:
	GetHandleVerifier [0x0097FC03+61635]
	GetHandleVerifier [0x0097FC44+61700]
	(No symbol) [0x007A044E]
	(No symbol) [0x007DFFE4]
	(No symbol) [0x0080D29C]
	(No symbol) [0x007DE034]
	(No symbol) [0x0080D514]
	(No symbol) [0x0082E61B]
	(No symbol) [0x0080D096]
	(No symbol) [0x007DC840]
	(No symbol) [0x007DD6A4]
	GetHandleVerifier [0x00C04523+2701795]
	GetHandleVerifier [0x00BFFCA6+2683238]
	GetHandleVerifier [0x00C1A9EE+2793134]
	GetHandleVerifier [0x009968C5+155013]
	GetHandleVerifier [0x0099CFAD+181357]
	GetHandleVerifier [0x00987458+92440]
	GetHandleVerifier [0x00987600+92864]
	GetHandleVerifier [0x00971FF0+5296]
	BaseThreadInitThunk [0x760DFCC9+25]
	RtlGetAppContainerNamedObjectPath [0x776B809E+286]
	RtlGetAppContainerNamedObjectPath [0x776B806E+238]

2025-06-05 09:07:49,265 - ERROR - Не удалось применить фильтры, пропускаем период
2025-06-05 09:07:49,266 - INFO - Парсинг компаний за период: 2024-12-07 - 2025-01-06
2025-06-05 09:07:50,102 - INFO - Применение фильтров: 2024-12-07 - 2025-01-06
2025-06-05 09:07:51,356 - ERROR - Ошибка при применении фильтров: Message: element not interactable
  (Session info: chrome=136.0.7103.116)
Stacktrace:
	GetHandleVerifier [0x0097FC03+61635]
	GetHandleVerifier [0x0097FC44+61700]
	(No symbol) [0x007A044E]
	(No symbol) [0x007DFFE4]
	(No symbol) [0x0080D29C]
	(No symbol) [0x007DE034]
	(No symbol) [0x0080D514]
	(No symbol) [0x0082E61B]
	(No symbol) [0x0080D096]
	(No symbol) [0x007DC840]
	(No symbol) [0x007DD6A4]
	GetHandleVerifier [0x00C04523+2701795]
	GetHandleVerifier [0x00BFFCA6+2683238]
	GetHandleVerifier [0x00C1A9EE+2793134]
	GetHandleVerifier [0x009968C5+155013]
	GetHandleVerifier [0x0099CFAD+181357]
	GetHandleVerifier [0x00987458+92440]
	GetHandleVerifier [0x00987600+92864]
	GetHandleVerifier [0x00971FF0+5296]
	BaseThreadInitThunk [0x760DFCC9+25]
	RtlGetAppContainerNamedObjectPath [0x776B809E+286]
	RtlGetAppContainerNamedObjectPath [0x776B806E+238]

2025-06-05 09:07:51,357 - ERROR - Не удалось применить фильтры, пропускаем период
2025-06-05 09:07:51,357 - INFO - Парсинг компаний за период: 2025-01-06 - 2025-02-05
2025-06-05 09:07:52,535 - INFO - Применение фильтров: 2025-01-06 - 2025-02-05
2025-06-05 09:07:53,820 - ERROR - Ошибка при применении фильтров: Message: element not interactable
  (Session info: chrome=136.0.7103.116)
Stacktrace:
	GetHandleVerifier [0x0097FC03+61635]
	GetHandleVerifier [0x0097FC44+61700]
	(No symbol) [0x007A044E]
	(No symbol) [0x007DFFE4]
	(No symbol) [0x0080D29C]
	(No symbol) [0x007DE034]
	(No symbol) [0x0080D514]
	(No symbol) [0x0082E61B]
	(No symbol) [0x0080D096]
	(No symbol) [0x007DC840]
	(No symbol) [0x007DD6A4]
	GetHandleVerifier [0x00C04523+2701795]
	GetHandleVerifier [0x00BFFCA6+2683238]
	GetHandleVerifier [0x00C1A9EE+2793134]
	GetHandleVerifier [0x009968C5+155013]
	GetHandleVerifier [0x0099CFAD+181357]
	GetHandleVerifier [0x00987458+92440]
	GetHandleVerifier [0x00987600+92864]
	GetHandleVerifier [0x00971FF0+5296]
	BaseThreadInitThunk [0x760DFCC9+25]
	RtlGetAppContainerNamedObjectPath [0x776B809E+286]
	RtlGetAppContainerNamedObjectPath [0x776B806E+238]

2025-06-05 09:07:53,820 - ERROR - Не удалось применить фильтры, пропускаем период
2025-06-05 09:07:53,821 - INFO - Парсинг компаний за период: 2025-02-05 - 2025-03-07
2025-06-05 09:07:55,561 - INFO - Применение фильтров: 2025-02-05 - 2025-03-07
2025-06-05 09:07:57,003 - ERROR - Ошибка при применении фильтров: Message: element not interactable
  (Session info: chrome=136.0.7103.116)
Stacktrace:
	GetHandleVerifier [0x0097FC03+61635]
	GetHandleVerifier [0x0097FC44+61700]
	(No symbol) [0x007A044E]
	(No symbol) [0x007DFFE4]
	(No symbol) [0x0080D29C]
	(No symbol) [0x007DE034]
	(No symbol) [0x0080D514]
	(No symbol) [0x0082E61B]
	(No symbol) [0x0080D096]
	(No symbol) [0x007DC840]
	(No symbol) [0x007DD6A4]
	GetHandleVerifier [0x00C04523+2701795]
	GetHandleVerifier [0x00BFFCA6+2683238]
	GetHandleVerifier [0x00C1A9EE+2793134]
	GetHandleVerifier [0x009968C5+155013]
	GetHandleVerifier [0x0099CFAD+181357]
	GetHandleVerifier [0x00987458+92440]
	GetHandleVerifier [0x00987600+92864]
	GetHandleVerifier [0x00971FF0+5296]
	BaseThreadInitThunk [0x760DFCC9+25]
	RtlGetAppContainerNamedObjectPath [0x776B809E+286]
	RtlGetAppContainerNamedObjectPath [0x776B806E+238]

2025-06-05 09:07:57,004 - ERROR - Не удалось применить фильтры, пропускаем период
2025-06-05 09:07:57,005 - INFO - Парсинг компаний за период: 2025-03-07 - 2025-04-06
2025-06-05 09:07:58,007 - INFO - Применение фильтров: 2025-03-07 - 2025-04-06
2025-06-05 09:07:59,224 - ERROR - Ошибка при применении фильтров: Message: element not interactable
  (Session info: chrome=136.0.7103.116)
Stacktrace:
	GetHandleVerifier [0x0097FC03+61635]
	GetHandleVerifier [0x0097FC44+61700]
	(No symbol) [0x007A044E]
	(No symbol) [0x007DFFE4]
	(No symbol) [0x0080D29C]
	(No symbol) [0x007DE034]
	(No symbol) [0x0080D514]
	(No symbol) [0x0082E61B]
	(No symbol) [0x0080D096]
	(No symbol) [0x007DC840]
	(No symbol) [0x007DD6A4]
	GetHandleVerifier [0x00C04523+2701795]
	GetHandleVerifier [0x00BFFCA6+2683238]
	GetHandleVerifier [0x00C1A9EE+2793134]
	GetHandleVerifier [0x009968C5+155013]
	GetHandleVerifier [0x0099CFAD+181357]
	GetHandleVerifier [0x00987458+92440]
	GetHandleVerifier [0x00987600+92864]
	GetHandleVerifier [0x00971FF0+5296]
	BaseThreadInitThunk [0x760DFCC9+25]
	RtlGetAppContainerNamedObjectPath [0x776B809E+286]
	RtlGetAppContainerNamedObjectPath [0x776B806E+238]

2025-06-05 09:07:59,226 - ERROR - Не удалось применить фильтры, пропускаем период
2025-06-05 09:07:59,226 - INFO - Парсинг компаний за период: 2025-04-06 - 2025-05-06
2025-06-05 09:08:00,224 - INFO - Применение фильтров: 2025-04-06 - 2025-05-06
2025-06-05 09:08:01,473 - ERROR - Ошибка при применении фильтров: Message: element not interactable
  (Session info: chrome=136.0.7103.116)
Stacktrace:
	GetHandleVerifier [0x0097FC03+61635]
	GetHandleVerifier [0x0097FC44+61700]
	(No symbol) [0x007A044E]
	(No symbol) [0x007DFFE4]
	(No symbol) [0x0080D29C]
	(No symbol) [0x007DE034]
	(No symbol) [0x0080D514]
	(No symbol) [0x0082E61B]
	(No symbol) [0x0080D096]
	(No symbol) [0x007DC840]
	(No symbol) [0x007DD6A4]
	GetHandleVerifier [0x00C04523+2701795]
	GetHandleVerifier [0x00BFFCA6+2683238]
	GetHandleVerifier [0x00C1A9EE+2793134]
	GetHandleVerifier [0x009968C5+155013]
	GetHandleVerifier [0x0099CFAD+181357]
	GetHandleVerifier [0x00987458+92440]
	GetHandleVerifier [0x00987600+92864]
	GetHandleVerifier [0x00971FF0+5296]
	BaseThreadInitThunk [0x760DFCC9+25]
	RtlGetAppContainerNamedObjectPath [0x776B809E+286]
	RtlGetAppContainerNamedObjectPath [0x776B806E+238]

2025-06-05 09:08:01,474 - ERROR - Не удалось применить фильтры, пропускаем период
2025-06-05 09:08:01,474 - INFO - Парсинг компаний за период: 2025-05-06 - 2025-06-05
2025-06-05 09:08:02,323 - INFO - Применение фильтров: 2025-05-06 - 2025-06-05
2025-06-05 09:08:03,725 - ERROR - Ошибка при применении фильтров: Message: element not interactable
  (Session info: chrome=136.0.7103.116)
Stacktrace:
	GetHandleVerifier [0x0097FC03+61635]
	GetHandleVerifier [0x0097FC44+61700]
	(No symbol) [0x007A044E]
	(No symbol) [0x007DFFE4]
	(No symbol) [0x0080D29C]
	(No symbol) [0x007DE034]
	(No symbol) [0x0080D514]
	(No symbol) [0x0082E61B]
	(No symbol) [0x0080D096]
	(No symbol) [0x007DC840]
	(No symbol) [0x007DD6A4]
	GetHandleVerifier [0x00C04523+2701795]
	GetHandleVerifier [0x00BFFCA6+2683238]
	GetHandleVerifier [0x00C1A9EE+2793134]
	GetHandleVerifier [0x009968C5+155013]
	GetHandleVerifier [0x0099CFAD+181357]
	GetHandleVerifier [0x00987458+92440]
	GetHandleVerifier [0x00987600+92864]
	GetHandleVerifier [0x00971FF0+5296]
	BaseThreadInitThunk [0x760DFCC9+25]
	RtlGetAppContainerNamedObjectPath [0x776B809E+286]
	RtlGetAppContainerNamedObjectPath [0x776B806E+238]

2025-06-05 09:08:03,726 - ERROR - Не удалось применить фильтры, пропускаем период
2025-06-05 09:08:03,727 - INFO - Всего собрано компаний: 0
2025-06-05 09:08:06,514 - INFO - Парсер завершил работу
2025-06-05 09:08:37,753 - INFO - ====== WebDriver manager ======
2025-06-05 09:08:40,616 - INFO - Get LATEST chromedriver version for google-chrome
2025-06-05 09:08:40,876 - INFO - Get LATEST chromedriver version for google-chrome
2025-06-05 09:08:56,209 - INFO - Driver [C:\Users\User\.wdm\drivers\chromedriver\win64\136.0.7103.113\chromedriver-win32/chromedriver.exe] found in cache
2025-06-05 09:08:58,210 - INFO - Парсинг компаний за период: 2024-06-10 - 2024-07-10
2025-06-05 09:09:01,226 - INFO - Применение фильтров: 2024-06-10 - 2024-07-10
2025-06-05 09:09:34,838 - ERROR - Ошибка при применении фильтров: Message: 
Stacktrace:
	GetHandleVerifier [0x0097FC03+61635]
	GetHandleVerifier [0x0097FC44+61700]
	(No symbol) [0x007A05D3]
	(No symbol) [0x007E899E]
	(No symbol) [0x007E8D3B]
	(No symbol) [0x00830E12]
	(No symbol) [0x0080D2E4]
	(No symbol) [0x0082E61B]
	(No symbol) [0x0080D096]
	(No symbol) [0x007DC840]
	(No symbol) [0x007DD6A4]
	GetHandleVerifier [0x00C04523+2701795]
	GetHandleVerifier [0x00BFFCA6+2683238]
	GetHandleVerifier [0x00C1A9EE+2793134]
	GetHandleVerifier [0x009968C5+155013]
	GetHandleVerifier [0x0099CFAD+181357]
	GetHandleVerifier [0x00987458+92440]
	GetHandleVerifier [0x00987600+92864]
	GetHandleVerifier [0x00971FF0+5296]
	BaseThreadInitThunk [0x760DFCC9+25]
	RtlGetAppContainerNamedObjectPath [0x776B809E+286]
	RtlGetAppContainerNamedObjectPath [0x776B806E+238]

2025-06-05 09:09:34,839 - ERROR - Не удалось применить фильтры, пропускаем период
2025-06-05 09:09:34,839 - INFO - Парсинг компаний за период: 2024-07-10 - 2024-08-09
2025-06-05 09:09:35,971 - INFO - Применение фильтров: 2024-07-10 - 2024-08-09
2025-06-05 09:09:37,230 - ERROR - Ошибка при применении фильтров: Message: element not interactable
  (Session info: chrome=136.0.7103.116)
Stacktrace:
	GetHandleVerifier [0x0097FC03+61635]
	GetHandleVerifier [0x0097FC44+61700]
	(No symbol) [0x007A044E]
	(No symbol) [0x007DFFE4]
	(No symbol) [0x0080D29C]
	(No symbol) [0x007DE034]
	(No symbol) [0x0080D514]
	(No symbol) [0x0082E61B]
	(No symbol) [0x0080D096]
	(No symbol) [0x007DC840]
	(No symbol) [0x007DD6A4]
	GetHandleVerifier [0x00C04523+2701795]
	GetHandleVerifier [0x00BFFCA6+2683238]
	GetHandleVerifier [0x00C1A9EE+2793134]
	GetHandleVerifier [0x009968C5+155013]
	GetHandleVerifier [0x0099CFAD+181357]
	GetHandleVerifier [0x00987458+92440]
	GetHandleVerifier [0x00987600+92864]
	GetHandleVerifier [0x00971FF0+5296]
	BaseThreadInitThunk [0x760DFCC9+25]
	RtlGetAppContainerNamedObjectPath [0x776B809E+286]
	RtlGetAppContainerNamedObjectPath [0x776B806E+238]

2025-06-05 09:09:37,232 - ERROR - Не удалось применить фильтры, пропускаем период
2025-06-05 09:09:37,233 - INFO - Парсинг компаний за период: 2024-08-09 - 2024-09-08
2025-06-05 09:09:38,181 - INFO - Применение фильтров: 2024-08-09 - 2024-09-08
2025-06-05 09:09:39,620 - ERROR - Ошибка при применении фильтров: Message: element not interactable
  (Session info: chrome=136.0.7103.116)
Stacktrace:
	GetHandleVerifier [0x0097FC03+61635]
	GetHandleVerifier [0x0097FC44+61700]
	(No symbol) [0x007A044E]
	(No symbol) [0x007DFFE4]
	(No symbol) [0x0080D29C]
	(No symbol) [0x007DE034]
	(No symbol) [0x0080D514]
	(No symbol) [0x0082E61B]
	(No symbol) [0x0080D096]
	(No symbol) [0x007DC840]
	(No symbol) [0x007DD6A4]
	GetHandleVerifier [0x00C04523+2701795]
	GetHandleVerifier [0x00BFFCA6+2683238]
	GetHandleVerifier [0x00C1A9EE+2793134]
	GetHandleVerifier [0x009968C5+155013]
	GetHandleVerifier [0x0099CFAD+181357]
	GetHandleVerifier [0x00987458+92440]
	GetHandleVerifier [0x00987600+92864]
	GetHandleVerifier [0x00971FF0+5296]
	BaseThreadInitThunk [0x760DFCC9+25]
	RtlGetAppContainerNamedObjectPath [0x776B809E+286]
	RtlGetAppContainerNamedObjectPath [0x776B806E+238]

2025-06-05 09:09:39,620 - ERROR - Не удалось применить фильтры, пропускаем период
2025-06-05 09:09:39,621 - INFO - Парсинг компаний за период: 2024-09-08 - 2024-10-08
2025-06-05 09:09:40,839 - INFO - Применение фильтров: 2024-09-08 - 2024-10-08
2025-06-05 09:09:42,150 - ERROR - Ошибка при применении фильтров: Message: element not interactable
  (Session info: chrome=136.0.7103.116)
Stacktrace:
	GetHandleVerifier [0x0097FC03+61635]
	GetHandleVerifier [0x0097FC44+61700]
	(No symbol) [0x007A044E]
	(No symbol) [0x007DFFE4]
	(No symbol) [0x0080D29C]
	(No symbol) [0x007DE034]
	(No symbol) [0x0080D514]
	(No symbol) [0x0082E61B]
	(No symbol) [0x0080D096]
	(No symbol) [0x007DC840]
	(No symbol) [0x007DD6A4]
	GetHandleVerifier [0x00C04523+2701795]
	GetHandleVerifier [0x00BFFCA6+2683238]
	GetHandleVerifier [0x00C1A9EE+2793134]
	GetHandleVerifier [0x009968C5+155013]
	GetHandleVerifier [0x0099CFAD+181357]
	GetHandleVerifier [0x00987458+92440]
	GetHandleVerifier [0x00987600+92864]
	GetHandleVerifier [0x00971FF0+5296]
	BaseThreadInitThunk [0x760DFCC9+25]
	RtlGetAppContainerNamedObjectPath [0x776B809E+286]
	RtlGetAppContainerNamedObjectPath [0x776B806E+238]

2025-06-05 09:09:42,150 - ERROR - Не удалось применить фильтры, пропускаем период
2025-06-05 09:09:42,151 - INFO - Парсинг компаний за период: 2024-10-08 - 2024-11-07
2025-06-05 09:09:43,573 - INFO - Применение фильтров: 2024-10-08 - 2024-11-07
2025-06-05 09:09:44,887 - ERROR - Ошибка при применении фильтров: Message: element not interactable
  (Session info: chrome=136.0.7103.116)
Stacktrace:
	GetHandleVerifier [0x0097FC03+61635]
	GetHandleVerifier [0x0097FC44+61700]
	(No symbol) [0x007A044E]
	(No symbol) [0x007DFFE4]
	(No symbol) [0x0080D29C]
	(No symbol) [0x007DE034]
	(No symbol) [0x0080D514]
	(No symbol) [0x0082E61B]
	(No symbol) [0x0080D096]
	(No symbol) [0x007DC840]
	(No symbol) [0x007DD6A4]
	GetHandleVerifier [0x00C04523+2701795]
	GetHandleVerifier [0x00BFFCA6+2683238]
	GetHandleVerifier [0x00C1A9EE+2793134]
	GetHandleVerifier [0x009968C5+155013]
	GetHandleVerifier [0x0099CFAD+181357]
	GetHandleVerifier [0x00987458+92440]
	GetHandleVerifier [0x00987600+92864]
	GetHandleVerifier [0x00971FF0+5296]
	BaseThreadInitThunk [0x760DFCC9+25]
	RtlGetAppContainerNamedObjectPath [0x776B809E+286]
	RtlGetAppContainerNamedObjectPath [0x776B806E+238]

2025-06-05 09:09:44,888 - ERROR - Не удалось применить фильтры, пропускаем период
2025-06-05 09:09:44,889 - INFO - Парсинг компаний за период: 2024-11-07 - 2024-12-07
2025-06-05 09:09:45,905 - INFO - Применение фильтров: 2024-11-07 - 2024-12-07
2025-06-05 09:09:47,351 - ERROR - Ошибка при применении фильтров: Message: element not interactable
  (Session info: chrome=136.0.7103.116)
Stacktrace:
	GetHandleVerifier [0x0097FC03+61635]
	GetHandleVerifier [0x0097FC44+61700]
	(No symbol) [0x007A044E]
	(No symbol) [0x007DFFE4]
	(No symbol) [0x0080D29C]
	(No symbol) [0x007DE034]
	(No symbol) [0x0080D514]
	(No symbol) [0x0082E61B]
	(No symbol) [0x0080D096]
	(No symbol) [0x007DC840]
	(No symbol) [0x007DD6A4]
	GetHandleVerifier [0x00C04523+2701795]
	GetHandleVerifier [0x00BFFCA6+2683238]
	GetHandleVerifier [0x00C1A9EE+2793134]
	GetHandleVerifier [0x009968C5+155013]
	GetHandleVerifier [0x0099CFAD+181357]
	GetHandleVerifier [0x00987458+92440]
	GetHandleVerifier [0x00987600+92864]
	GetHandleVerifier [0x00971FF0+5296]
	BaseThreadInitThunk [0x760DFCC9+25]
	RtlGetAppContainerNamedObjectPath [0x776B809E+286]
	RtlGetAppContainerNamedObjectPath [0x776B806E+238]

2025-06-05 09:09:47,351 - ERROR - Не удалось применить фильтры, пропускаем период
2025-06-05 09:09:47,352 - INFO - Парсинг компаний за период: 2024-12-07 - 2025-01-06
2025-06-05 09:09:48,274 - INFO - Применение фильтров: 2024-12-07 - 2025-01-06
2025-06-05 09:09:49,553 - ERROR - Ошибка при применении фильтров: Message: element not interactable
  (Session info: chrome=136.0.7103.116)
Stacktrace:
	GetHandleVerifier [0x0097FC03+61635]
	GetHandleVerifier [0x0097FC44+61700]
	(No symbol) [0x007A044E]
	(No symbol) [0x007DFFE4]
	(No symbol) [0x0080D29C]
	(No symbol) [0x007DE034]
	(No symbol) [0x0080D514]
	(No symbol) [0x0082E61B]
	(No symbol) [0x0080D096]
	(No symbol) [0x007DC840]
	(No symbol) [0x007DD6A4]
	GetHandleVerifier [0x00C04523+2701795]
	GetHandleVerifier [0x00BFFCA6+2683238]
	GetHandleVerifier [0x00C1A9EE+2793134]
	GetHandleVerifier [0x009968C5+155013]
	GetHandleVerifier [0x0099CFAD+181357]
	GetHandleVerifier [0x00987458+92440]
	GetHandleVerifier [0x00987600+92864]
	GetHandleVerifier [0x00971FF0+5296]
	BaseThreadInitThunk [0x760DFCC9+25]
	RtlGetAppContainerNamedObjectPath [0x776B809E+286]
	RtlGetAppContainerNamedObjectPath [0x776B806E+238]

2025-06-05 09:09:49,554 - ERROR - Не удалось применить фильтры, пропускаем период
2025-06-05 09:09:49,554 - INFO - Парсинг компаний за период: 2025-01-06 - 2025-02-05
2025-06-05 09:09:50,160 - INFO - Применение фильтров: 2025-01-06 - 2025-02-05
2025-06-05 09:09:50,165 - ERROR - Ошибка при применении фильтров: Message: no such window: target window already closed
from unknown error: web view not found
  (Session info: chrome=136.0.7103.116)
Stacktrace:
	GetHandleVerifier [0x0097FC03+61635]
	GetHandleVerifier [0x0097FC44+61700]
	(No symbol) [0x007A05D3]
	(No symbol) [0x0077FBC9]
	(No symbol) [0x00813CBE]
	(No symbol) [0x0082DF19]
	(No symbol) [0x0080D096]
	(No symbol) [0x007DC840]
	(No symbol) [0x007DD6A4]
	GetHandleVerifier [0x00C04523+2701795]
	GetHandleVerifier [0x00BFFCA6+2683238]
	GetHandleVerifier [0x00C1A9EE+2793134]
	GetHandleVerifier [0x009968C5+155013]
	GetHandleVerifier [0x0099CFAD+181357]
	GetHandleVerifier [0x00987458+92440]
	GetHandleVerifier [0x00987600+92864]
	GetHandleVerifier [0x00971FF0+5296]
	BaseThreadInitThunk [0x760DFCC9+25]
	RtlGetAppContainerNamedObjectPath [0x776B809E+286]
	RtlGetAppContainerNamedObjectPath [0x776B806E+238]

2025-06-05 09:09:50,165 - ERROR - Не удалось применить фильтры, пропускаем период
2025-06-05 09:09:50,165 - INFO - Парсинг компаний за период: 2025-02-05 - 2025-03-07
2025-06-05 09:09:50,170 - ERROR - Критическая ошибка: Message: no such window: target window already closed
from unknown error: web view not found
  (Session info: chrome=136.0.7103.116)
Stacktrace:
	GetHandleVerifier [0x0097FC03+61635]
	GetHandleVerifier [0x0097FC44+61700]
	(No symbol) [0x007A05D3]
	(No symbol) [0x0077FBC9]
	(No symbol) [0x00813CBE]
	(No symbol) [0x0082DF19]
	(No symbol) [0x0080D096]
	(No symbol) [0x007DC840]
	(No symbol) [0x007DD6A4]
	GetHandleVerifier [0x00C04523+2701795]
	GetHandleVerifier [0x00BFFCA6+2683238]
	GetHandleVerifier [0x00C1A9EE+2793134]
	GetHandleVerifier [0x009968C5+155013]
	GetHandleVerifier [0x0099CFAD+181357]
	GetHandleVerifier [0x00987458+92440]
	GetHandleVerifier [0x00987600+92864]
	GetHandleVerifier [0x00971FF0+5296]
	BaseThreadInitThunk [0x760DFCC9+25]
	RtlGetAppContainerNamedObjectPath [0x776B809E+286]
	RtlGetAppContainerNamedObjectPath [0x776B806E+238]

2025-06-05 09:09:52,830 - INFO - Парсер завершил работу
