2025-06-06 08:55:13,448 - INFO - ====== WebDriver manager ======
2025-06-06 08:55:16,267 - INFO - Get LATEST chromedriver version for google-chrome
2025-06-06 08:55:16,694 - INFO - Get LATEST chromedriver version for google-chrome
2025-06-06 08:55:17,099 - INFO - Driver [C:\Users\User\.wdm\drivers\chromedriver\win64\137.0.7151.68\chromedriver-win32/chromedriver.exe] found in cache
2025-06-06 08:55:18,812 - INFO - 
Начинаем обработку месяца: may 2025
2025-06-06 08:55:27,028 - INFO - Применение фильтров: 2025-05-01 - 2025-05-31
2025-06-06 08:55:41,021 - INFO - Обработка страницы 1
2025-06-06 08:55:43,213 - INFO - Добавлено 25 новых ссылок (Всего: 25)
2025-06-06 08:55:43,214 - INFO - Сбор завершен. Всего ссылок: 25
2025-06-06 08:55:43,214 - INFO - Найдено 25 компаний за may 2025
2025-06-06 08:56:18,264 - INFO - Обработано 10/25 компаний за may 2025
2025-06-06 08:56:55,128 - INFO - Обработано 20/25 компаний за may 2025
2025-06-06 08:57:18,445 - INFO - Сохранено 19 новых записей. Всего записей: 19
2025-06-06 08:57:18,446 - INFO - Сохранено 19 компаний в файл may 2025.xlsx
2025-06-06 08:57:18,446 - INFO - 
Начинаем обработку месяца: april 2025
2025-06-06 08:57:22,574 - INFO - Применение фильтров: 2025-04-01 - 2025-04-30
2025-06-06 08:57:28,435 - WARNING - Retrying (Retry(total=2, connect=None, read=None, redirect=None, status=None)) after connection broken by 'ConnectionResetError(10054, 'Удаленный хост принудительно разорвал существующее подключение', None, 10054, None)': /session/a6a8b4b898b009beaa312a719ded246f
2025-06-06 09:07:19,974 - INFO - ====== WebDriver manager ======
2025-06-06 09:07:29,280 - INFO - ====== WebDriver manager ======
2025-06-06 09:07:30,303 - INFO - Get LATEST chromedriver version for google-chrome
2025-06-06 09:07:30,747 - INFO - Get LATEST chromedriver version for google-chrome
2025-06-06 09:07:31,129 - INFO - Driver [C:\Users\User\.wdm\drivers\chromedriver\win64\137.0.7151.68\chromedriver-win32/chromedriver.exe] found in cache
2025-06-06 09:07:32,551 - INFO - 
Начинаем обработку месяца: may 2025
2025-06-06 09:07:41,593 - INFO - Применение фильтров: 2025-05-01 - 2025-05-31
2025-06-06 09:07:54,354 - INFO - Обработка страницы 1
2025-06-06 09:07:56,465 - INFO - Добавлено 25 новых ссылок (Всего: 25)
2025-06-06 09:07:56,465 - INFO - Сбор завершен. Всего ссылок: 25
2025-06-06 09:07:56,466 - INFO - Найдено 25 компаний за may 2025
2025-06-06 09:08:18,422 - INFO - Обработано 10/25 компаний за may 2025
2025-06-06 09:08:47,324 - INFO - Обработано 20/25 компаний за may 2025
2025-06-06 09:09:04,163 - INFO - Сохранено 19 новых записей. Всего записей: 19
2025-06-06 09:09:04,163 - INFO - Сохранено 19 компаний в файл may 2025.xlsx
2025-06-06 09:09:04,163 - INFO - 
Начинаем обработку месяца: april 2025
2025-06-06 09:09:07,802 - INFO - Применение фильтров: 2025-04-01 - 2025-04-30
2025-06-06 09:09:21,419 - ERROR - Ошибка при применении фильтров: Message: 

2025-06-06 09:09:21,690 - INFO - 
Начинаем обработку месяца: march 2025
2025-06-06 09:09:24,516 - WARNING - Retrying (Retry(total=2, connect=None, read=None, redirect=None, status=None)) after connection broken by 'ConnectionResetError(10054, 'Удаленный хост принудительно разорвал существующее подключение', None, 10054, None)': /session/c2060f3ea20cbe79f41f59c63b572890
